<?xml version="1.0" encoding="UTF-8" ?>
<testsuites>
  <testsuite errors="0" failures="1" hostname="admins-MacBook-Air.local" id="0" name="LocalAppiumAppTest" package="com.calculator.CalcMavenProject" tests="1" time="42.893" timestamp="2016-03-31T15:30:06">
      <properties>
[...]
</properties>

      <testcase classname="com.calculator.CalcMavenProject.LocalAppiumAppTest" name="SumCalculatoriOS" time="42.231">
          <failure message="&#xa;Expected: &lt;201&gt;&#xa;     but: was &lt;221&gt;" type="junit.framework.AssertionFailedError">junit.framework.AssertionFailedError: 
Expected: &lt;201&gt;
     but: was &lt;221&gt;
	at org.hamcrest.MatcherAssert.assertThat(MatcherAssert.java:20)
	at com.calculator.CalcMavenProject.LocalAppiumAppTest.SumCalculatoriOS(LocalAppiumAppTest.java:108)
</failure>

      </testcase>

      <system-out><![CDATA[]]></system-out>

      <system-err><![CDATA[]]></system-err>

  </testsuite>
</testsuites>
